0 info it worked if it ends with ok
1 verbose cli [ '/home/lucho/.nvm/versions/node/v6.9.1/bin/node',
1 verbose cli   '/home/lucho/.nvm/versions/node/v6.9.1/bin/npm',
1 verbose cli   'publish' ]
2 info using npm@3.10.8
3 info using node@v6.9.1
4 verbose publish [ '.' ]
5 silly cache add args [ '.', null ]
6 verbose cache add spec .
7 silly cache add parsed spec Result {
7 silly cache add   raw: '.',
7 silly cache add   scope: null,
7 silly cache add   escapedName: null,
7 silly cache add   name: null,
7 silly cache add   rawSpec: '.',
7 silly cache add   spec: '/home/lucho/Agora/ng2-fullcalendar',
7 silly cache add   type: 'directory' }
8 verbose addLocalDirectory /home/lucho/.npm/ap-angular2-fullcalendar/1.0.15-2/package.tgz not in flight; packing
9 verbose correctMkdir /home/lucho/.npm correctMkdir not in flight; initializing
10 info lifecycle ap-angular2-fullcalendar@1.0.15-2~prepublish: ap-angular2-fullcalendar@1.0.15-2
11 verbose lifecycle ap-angular2-fullcalendar@1.0.15-2~prepublish: unsafe-perm in lifecycle true
12 verbose lifecycle ap-angular2-fullcalendar@1.0.15-2~prepublish: PATH: /home/lucho/.nvm/versions/node/v6.9.1/lib/node_modules/npm/bin/node-gyp-bin:/home/lucho/Agora/ng2-fullcalendar/node_modules/.bin:/home/lucho/.sdkman/candidates/grails/current/bin:/home/lucho/.sdkman/candidates/gradle/current/bin:/home/lucho/.nvm/versions/node/v6.9.1/bin:/usr/local/sbin:/usr/local/bin:/usr/sbin:/usr/bin:/sbin:/bin:/usr/games:/usr/local/games:/snap/bin:/usr/lib/jvm/java-8-oracle/bin:/usr/lib/jvm/java-8-oracle/db/bin:/usr/lib/jvm/java-8-oracle/jre/bin:/usr/local/java/jdk1.8.0_91/bin:/usr/local/java/jdk1.8.0_91/jre/bin:/home/lucho/.rvm/bin:/home/lucho/Android/Sdk/tools:/home/lucho/Android/Sdk/platform-tools:/home/lucho/.rvm/bin
13 verbose lifecycle ap-angular2-fullcalendar@1.0.15-2~prepublish: CWD: /home/lucho/Agora/ng2-fullcalendar
14 silly lifecycle ap-angular2-fullcalendar@1.0.15-2~prepublish: Args: [ '-c', 'node_modules/typescript/bin/tsc' ]
15 silly lifecycle ap-angular2-fullcalendar@1.0.15-2~prepublish: Returned: code: 0  signal: null
16 verbose tar pack [ '/home/lucho/.npm/ap-angular2-fullcalendar/1.0.15-2/package.tgz',
16 verbose tar pack   '/home/lucho/Agora/ng2-fullcalendar' ]
17 verbose tarball /home/lucho/.npm/ap-angular2-fullcalendar/1.0.15-2/package.tgz
18 verbose folder /home/lucho/Agora/ng2-fullcalendar
19 verbose addLocalTarball adding from inside cache /home/lucho/.npm/ap-angular2-fullcalendar/1.0.15-2/package.tgz
20 verbose correctMkdir /home/lucho/.npm correctMkdir not in flight; initializing
21 silly cache afterAdd ap-angular2-fullcalendar@1.0.15-2
22 verbose afterAdd /home/lucho/.npm/ap-angular2-fullcalendar/1.0.15-2/package/package.json not in flight; writing
23 verbose correctMkdir /home/lucho/.npm correctMkdir not in flight; initializing
24 verbose afterAdd /home/lucho/.npm/ap-angular2-fullcalendar/1.0.15-2/package/package.json written
25 silly publish { name: 'ap-angular2-fullcalendar',
25 silly publish   version: '1.0.15-2',
25 silly publish   description: 'Angular2 component for FullCalendar',
25 silly publish   main: 'index.js',
25 silly publish   scripts: { prepublish: 'node_modules/typescript/bin/tsc' },
25 silly publish   repository:
25 silly publish    { type: 'git',
25 silly publish      url: 'git+https://github.com/lbertenasco/ap-ng2-fullcalendar.git' },
25 silly publish   keywords: [ 'fullcalendar', 'angular 2', 'angular', 'calendar' ],
25 silly publish   author: { name: 'Luciano Bertenasco', email: 'lbertenasco@gmail.com' },
25 silly publish   license: 'MIT',
25 silly publish   bugs: { url: 'https://github.com/lbertenasco/ap-ng2-fullcalendar/issues' },
25 silly publish   homepage: 'https://github.com/lbertenasco/ap-ng2-fullcalendar#readme',
25 silly publish   dependencies:
25 silly publish    { '@angular/common': '2.4.9',
25 silly publish      '@angular/core': '2.4.9',
25 silly publish      '@angular/forms': '2.4.9',
25 silly publish      '@types/fullcalendar': '2.7.38',
25 silly publish      '@types/jquery': '2.0.41',
25 silly publish      '@types/moment': '2.13.0',
25 silly publish      '@types/node': '7.0.8',
25 silly publish      fullcalendar: '3.2.0' },
25 silly publish   devDependencies:
25 silly publish    { '@angular/compiler': '2.4.9',
25 silly publish      '@angular/platform-browser': '2.4.9',
25 silly publish      'ng2-datepicker': '2.0.0-dev5',
25 silly publish      rxjs: '5.2.0',
25 silly publish      typescript: '2.2.1' },
25 silly publish   readme: '\n# Angular 2: FullCalendar component\n\nAn Angular 2 component for [fullcalendar](https://fullcalendar.io/).\n\n## Installation\n```\nnpm install ap-angular2-fullcalendar --save\n```\n## Usage\n#### Import the calendar component\n```\nimport {CalendarComponent} from "angular2-fullcalendar/src/calendar/calendar";\n// other imports\n\n@NgModule({\n  declarations: [\n    // other declarations\n    CalendarComponent\n  ],\n  // ...\n})\nexport class AppModule {}\n```\n#### Add config in my-component.ts\nFor a full list of options available, please refer to fullcalendar.io documentation at https://fullcalendar.io/docs/\n```\n@Component({\n  selector: \'my-component\',\n  templateUrl: \'my-component.html\'\n})\nexport class MyComponent{\n    calendarOptions:Object = {\n        height: \'parent\',\n        fixedWeekCount : false,\n        defaultDate: \'2016-09-12\',\n        editable: true,\n        eventLimit: true, // allow "more" link when too many events\n        events: [\n          {\n            title: \'All Day Event\',\n            start: \'2016-09-01\'\n          },\n          {\n            title: \'Long Event\',\n            start: \'2016-09-07\',\n            end: \'2016-09-10\'\n          },\n          {\n            id: 999,\n            title: \'Repeating Event\',\n            start: \'2016-09-09T16:00:00\'\n          },\n          {\n            id: 999,\n            title: \'Repeating Event\',\n            start: \'2016-09-16T16:00:00\'\n          },\n          {\n            title: \'Conference\',\n            start: \'2016-09-11\',\n            end: \'2016-09-13\'\n          },\n          {\n            title: \'Meeting\',\n            start: \'2016-09-12T10:30:00\',\n            end: \'2016-09-12T12:30:00\'\n          },\n          {\n            title: \'Lunch\',\n            start: \'2016-09-12T12:00:00\'\n          },\n          {\n            title: \'Meeting\',\n            start: \'2016-09-12T14:30:00\'\n          },\n          {\n            title: \'Happy Hour\',\n            start: \'2016-09-12T17:30:00\'\n          },\n          {\n            title: \'Dinner\',\n            start: \'2016-09-12T20:00:00\'\n          },\n          {\n            title: \'Birthday Party\',\n            start: \'2016-09-13T07:00:00\'\n          },\n          {\n            title: \'Click for Google\',\n            url: \'http://google.com/\',\n            start: \'2016-09-28\'\n          }\n        ]\n      };\n  }\n}\n```\n#### Add selector in template file my-component.html\n```\n<angular2-fullcalendar [options]="calendarOptions"></angular2-fullcalendar>\n```\n#### Import the fullcalendar css\nIf you\'re using Angular CLI, this is as simple as including one line in your style.css file:\n```\n@import "fullcalendar/fullcalendar.min.css";\n```\nAlternatively, you can just reference the file directly. This would look something like\n```\n<link href="node_modules/fullcalendar/fullcalendar.min.css" rel="stylesheet">\n```\n\n#### Use CalendarComponent as a ViewChild\n```\nexport class MyComponent{\n  @ViewChild(CalendarComponent) myCalendar: CalendarComponent;\n\n  changeCalendarView(view) {\n    this.myCalendar.fullCalendar(\'changeView\', view);\n  }\n```\n\n## TODO\'s\n* Tests\n',
25 silly publish   readmeFilename: 'README.md',
25 silly publish   gitHead: '65d23f4aaa7f4e22594ed6a26b139b395368243c',
25 silly publish   _id: 'ap-angular2-fullcalendar@1.0.15-2',
25 silly publish   _shasum: '6049ab07f26f085576d972d66fe1cdf6f2c14dea',
25 silly publish   _from: '.' }
26 verbose getPublishConfig undefined
27 silly mapToRegistry name ap-angular2-fullcalendar
28 silly mapToRegistry using default registry
29 silly mapToRegistry registry https://registry.npmjs.org/
30 silly mapToRegistry data Result {
30 silly mapToRegistry   raw: 'ap-angular2-fullcalendar',
30 silly mapToRegistry   scope: null,
30 silly mapToRegistry   escapedName: 'ap-angular2-fullcalendar',
30 silly mapToRegistry   name: 'ap-angular2-fullcalendar',
30 silly mapToRegistry   rawSpec: '',
30 silly mapToRegistry   spec: 'latest',
30 silly mapToRegistry   type: 'tag' }
31 silly mapToRegistry uri https://registry.npmjs.org/ap-angular2-fullcalendar
32 verbose publish registryBase https://registry.npmjs.org/
33 silly publish uploading /home/lucho/.npm/ap-angular2-fullcalendar/1.0.15-2/package.tgz
34 verbose request uri https://registry.npmjs.org/ap-angular2-fullcalendar
35 verbose request sending authorization for write operation
36 info attempt registry request try #1 at 4:51:23 PM
37 verbose request using bearer token for auth
38 verbose request id e3bbbf38c0c377c3
39 http request PUT https://registry.npmjs.org/ap-angular2-fullcalendar
40 http 403 https://registry.npmjs.org/ap-angular2-fullcalendar
41 verbose headers { 'content-type': 'application/json',
41 verbose headers   'cache-control': 'max-age=300',
41 verbose headers   'content-length': '98',
41 verbose headers   'accept-ranges': 'bytes',
41 verbose headers   date: 'Thu, 16 Mar 2017 19:51:24 GMT',
41 verbose headers   via: '1.1 varnish',
41 verbose headers   connection: 'keep-alive',
41 verbose headers   'x-served-by': 'cache-lax8627-LAX',
41 verbose headers   'x-cache': 'MISS',
41 verbose headers   'x-cache-hits': '0',
41 verbose headers   'x-timer': 'S1489693884.636406,VS0,VE258',
41 verbose headers   vary: 'Accept-Encoding' }
42 verbose request invalidating /home/lucho/.npm/registry.npmjs.org/ap-angular2-fullcalendar on PUT
43 error publish Failed PUT 403
44 verbose stack Error: "You cannot publish over the previously published version 1.0.15-2." : ap-angular2-fullcalendar
44 verbose stack     at makeError (/home/lucho/.nvm/versions/node/v6.9.1/lib/node_modules/npm/node_modules/npm-registry-client/lib/request.js:302:12)
44 verbose stack     at CachingRegistryClient.<anonymous> (/home/lucho/.nvm/versions/node/v6.9.1/lib/node_modules/npm/node_modules/npm-registry-client/lib/request.js:290:14)
44 verbose stack     at Request._callback (/home/lucho/.nvm/versions/node/v6.9.1/lib/node_modules/npm/node_modules/npm-registry-client/lib/request.js:210:14)
44 verbose stack     at Request.self.callback (/home/lucho/.nvm/versions/node/v6.9.1/lib/node_modules/npm/node_modules/request/request.js:187:22)
44 verbose stack     at emitTwo (events.js:106:13)
44 verbose stack     at Request.emit (events.js:191:7)
44 verbose stack     at Request.<anonymous> (/home/lucho/.nvm/versions/node/v6.9.1/lib/node_modules/npm/node_modules/request/request.js:1044:10)
44 verbose stack     at emitOne (events.js:96:13)
44 verbose stack     at Request.emit (events.js:188:7)
44 verbose stack     at IncomingMessage.<anonymous> (/home/lucho/.nvm/versions/node/v6.9.1/lib/node_modules/npm/node_modules/request/request.js:965:12)
45 verbose statusCode 403
46 verbose pkgid ap-angular2-fullcalendar
47 verbose cwd /home/lucho/Agora/ng2-fullcalendar
48 error Linux 4.4.0-66-generic
49 error argv "/home/lucho/.nvm/versions/node/v6.9.1/bin/node" "/home/lucho/.nvm/versions/node/v6.9.1/bin/npm" "publish"
50 error node v6.9.1
51 error npm  v3.10.8
52 error code E403
53 error "You cannot publish over the previously published version 1.0.15-2." : ap-angular2-fullcalendar
54 error If you need help, you may report this error at:
54 error     <https://github.com/npm/npm/issues>
55 verbose exit [ 1, true ]
